<?xml version="1.0" encoding="UTF-8"?>
<testsuite xmlns:xsi="http://www.w3.org/2001/XMLSchema-instance" xsi:noNamespaceSchemaLocation="https://maven.apache.org/surefire/maven-surefire-plugin/xsd/surefire-test-report-3.0.xsd" version="3.0" name="code.with.vanilson.cartservice.CartServiceTest$ClearCart" time="0.022" tests="1" errors="0" skipped="0" failures="0">
  <properties>
[...]
</properties>
  <testcase name="shouldDeleteCart" classname="code.with.vanilson.cartservice.CartServiceTest$ClearCart" time="0.015">
    <system-out><![CDATA[02:08:52.939 [main] INFO code.with.vanilson.cartservice.application.CartService -- cart.log.cleared
]]></system-out>
  </testcase>
</testsuite>